  Animation.cpp
C:\Users\happi\Documents\BonesEngine\Animation.cpp(58,29): warning C4244: '=': conversion from 'double' to 'float', possible loss of data
C:\Users\happi\Documents\BonesEngine\Animation.cpp(108,38): warning C4244: '=': conversion from 'double' to 'float', possible loss of data
C:\Users\happi\Documents\BonesEngine\Animation.cpp(109,38): warning C4244: '=': conversion from 'double' to 'float', possible loss of data
C:\Users\happi\Documents\BonesEngine\Animation.cpp(110,38): warning C4244: '=': conversion from 'double' to 'float', possible loss of data
C:\Users\happi\Documents\BonesEngine\Animation.cpp(111,38): warning C4244: '=': conversion from 'double' to 'float', possible loss of data
C:\Users\happi\Documents\BonesEngine\Animation.cpp(113,43): warning C4244: '=': conversion from 'double' to 'float', possible loss of data
C:\Users\happi\Documents\BonesEngine\Animation.cpp(114,43): warning C4244: '=': conversion from 'double' to 'float', possible loss of data
  BoneTransform.cpp
  Game.cpp
C:\Users\happi\Documents\BonesEngine\Animation.cpp(115,43): warning C4244: '=': conversion from 'double' to 'float', possible loss of data
C:\Users\happi\Documents\BonesEngine\Game.cpp(172,20): warning C4018: '<': signed/unsigned mismatch
C:\Users\happi\Documents\BonesEngine\Game.cpp(234,22): warning C4018: '<': signed/unsigned mismatch
C:\Users\happi\Documents\BonesEngine\Game.cpp(279,30): warning C4244: '=': conversion from 'float' to 'int', possible loss of data
C:\Users\happi\Documents\BonesEngine\Game.cpp(280,30): warning C4244: '=': conversion from 'float' to 'int', possible loss of data
C:\Users\happi\Documents\BonesEngine\Game.cpp(414,30): warning C4244: '=': conversion from 'float' to 'int', possible loss of data
C:\Users\happi\Documents\BonesEngine\Game.cpp(415,30): warning C4244: '=': conversion from 'float' to 'int', possible loss of data
C:\Users\happi\Documents\BonesEngine\Game.cpp(427,23): warning C4018: '<': signed/unsigned mismatch
C:\Users\happi\Documents\BonesEngine\Game.cpp(432,16): warning C4244: 'initializing': conversion from 'const float' to 'int', possible loss of data
C:\Users\happi\Documents\BonesEngine\Game.cpp(433,16): warning C4244: 'initializing': conversion from 'const float' to 'int', possible loss of data
C:\Users\happi\Documents\BonesEngine\Game.cpp(435,31): warning C4244: '=': conversion from 'float' to 'int', possible loss of data
C:\Users\happi\Documents\BonesEngine\Game.cpp(436,31): warning C4244: '=': conversion from 'float' to 'int', possible loss of data
  SkeletalMeshComponent.cpp
  Skeleton.cpp
C:\Users\happi\Documents\BonesEngine\Game.cpp(608,20): warning C4018: '<': signed/unsigned mismatch
C:\Users\happi\Documents\BonesEngine\Skeleton.cpp(101,51): warning C4244: '=': conversion from 'double' to 'float', possible loss of data
C:\Users\happi\Documents\BonesEngine\Skeleton.cpp(102,51): warning C4244: '=': conversion from 'double' to 'float', possible loss of data
C:\Users\happi\Documents\BonesEngine\Skeleton.cpp(103,51): warning C4244: '=': conversion from 'double' to 'float', possible loss of data
C:\Users\happi\Documents\BonesEngine\Skeleton.cpp(104,51): warning C4244: '=': conversion from 'double' to 'float', possible loss of data
C:\Users\happi\Documents\BonesEngine\Skeleton.cpp(106,56): warning C4244: '=': conversion from 'double' to 'float', possible loss of data
C:\Users\happi\Documents\BonesEngine\Skeleton.cpp(107,56): warning C4244: '=': conversion from 'double' to 'float', possible loss of data
  Generating Code...
C:\Users\happi\Documents\BonesEngine\Skeleton.cpp(108,56): warning C4244: '=': conversion from 'double' to 'float', possible loss of data
SOIL.lib(image_DXT.obj) : warning LNK4099: PDB 'vc120.pdb' was not found with 'SOIL.lib(image_DXT.obj)' or at 'C:\Users\happi\Documents\BonesEngine\Debug\vc120.pdb'; linking object as if no debug info
SOIL.lib(image_helper.obj) : warning LNK4099: PDB 'vc120.pdb' was not found with 'SOIL.lib(image_helper.obj)' or at 'C:\Users\happi\Documents\BonesEngine\Debug\vc120.pdb'; linking object as if no debug info
SOIL.lib(SOIL.obj) : warning LNK4099: PDB 'vc120.pdb' was not found with 'SOIL.lib(SOIL.obj)' or at 'C:\Users\happi\Documents\BonesEngine\Debug\vc120.pdb'; linking object as if no debug info
SOIL.lib(stb_image_aug.obj) : warning LNK4099: PDB 'vc120.pdb' was not found with 'SOIL.lib(stb_image_aug.obj)' or at 'C:\Users\happi\Documents\BonesEngine\Debug\vc120.pdb'; linking object as if no debug info
  Game.vcxproj -> C:\Users\happi\Documents\BonesEngine\Debug\Game.exe
